TN:
SF:src/js/app.js
FN:16,loadUnicodeBlocks
FN:40,getUnicodeBlock
FN:50,extractDomain
FN:59,hasMixedScripts
FN:74,isWhitelisted
FN:103,checkURL
FN:139,(anonymous_6)
FN:209,(anonymous_7)
FN:212,(anonymous_8)
FN:220,run
FN:223,(anonymous_10)
FN:229,(anonymous_11)
FNF:12
FNH:0
FNDA:0,loadUnicodeBlocks
FNDA:0,getUnicodeBlock
FNDA:0,extractDomain
FNDA:0,hasMixedScripts
FNDA:0,isWhitelisted
FNDA:0,checkURL
FNDA:0,(anonymous_6)
FNDA:0,(anonymous_7)
FNDA:0,(anonymous_8)
FNDA:0,run
FNDA:0,(anonymous_10)
FNDA:0,(anonymous_11)
DA:2,0
DA:5,0
DA:6,0
DA:7,0
DA:9,0
DA:14,0
DA:17,0
DA:19,0
DA:20,0
DA:21,0
DA:22,0
DA:23,0
DA:24,0
DA:25,0
DA:26,0
DA:27,0
DA:36,0
DA:37,0
DA:41,0
DA:42,0
DA:43,0
DA:44,0
DA:47,0
DA:51,0
DA:52,0
DA:53,0
DA:55,0
DA:60,0
DA:61,0
DA:62,0
DA:63,0
DA:64,0
DA:65,0
DA:66,0
DA:67,0
DA:68,0
DA:71,0
DA:75,0
DA:77,0
DA:78,0
DA:79,0
DA:80,0
DA:81,0
DA:82,0
DA:85,0
DA:90,0
DA:91,0
DA:92,0
DA:93,0
DA:94,0
DA:100,0
DA:105,0
DA:118,0
DA:119,0
DA:121,0
DA:125,0
DA:126,0
DA:127,0
DA:132,0
DA:134,0
DA:137,0
DA:138,0
DA:139,0
DA:140,0
DA:142,0
DA:143,0
DA:144,0
DA:145,0
DA:155,0
DA:158,0
DA:159,0
DA:160,0
DA:161,0
DA:162,0
DA:163,0
DA:176,0
DA:177,0
DA:178,0
DA:179,0
DA:192,0
DA:193,0
DA:194,0
DA:195,0
DA:208,0
DA:209,0
DA:210,0
DA:211,0
DA:212,0
DA:221,0
DA:222,0
DA:223,0
DA:224,0
DA:226,0
DA:228,0
DA:229,0
DA:240,0
DA:241,0
LF:97
LH:0
BRDA:5,0,0,0
BRDA:5,0,1,0
BRDA:5,1,0,0
BRDA:5,1,1,0
BRDA:17,2,0,0
BRDA:17,2,1,0
BRDA:20,3,0,0
BRDA:20,3,1,0
BRDA:20,4,0,0
BRDA:20,4,1,0
BRDA:20,4,2,0
BRDA:20,4,3,0
BRDA:23,5,0,0
BRDA:23,5,1,0
BRDA:25,6,0,0
BRDA:25,6,1,0
BRDA:25,7,0,0
BRDA:25,7,1,0
BRDA:36,8,0,0
BRDA:36,8,1,0
BRDA:43,9,0,0
BRDA:43,9,1,0
BRDA:43,10,0,0
BRDA:43,10,1,0
BRDA:63,11,0,0
BRDA:63,11,1,0
BRDA:63,12,0,0
BRDA:63,12,1,0
BRDA:67,13,0,0
BRDA:67,13,1,0
BRDA:75,14,0,0
BRDA:75,14,1,0
BRDA:82,15,0,0
BRDA:82,15,1,0
BRDA:85,16,0,0
BRDA:85,16,1,0
BRDA:85,17,0,0
BRDA:85,17,1,0
BRDA:90,18,0,0
BRDA:90,18,1,0
BRDA:94,19,0,0
BRDA:94,19,1,0
BRDA:118,20,0,0
BRDA:118,20,1,0
BRDA:118,21,0,0
BRDA:118,21,1,0
BRDA:126,22,0,0
BRDA:126,22,1,0
BRDA:138,23,0,0
BRDA:138,23,1,0
BRDA:138,24,0,0
BRDA:138,24,1,0
BRDA:140,25,0,0
BRDA:140,25,1,0
BRDA:143,26,0,0
BRDA:143,26,1,0
BRDA:158,27,0,0
BRDA:158,27,1,0
BRDA:158,27,2,0
BRDA:159,28,0,0
BRDA:159,28,1,0
BRDA:161,29,0,0
BRDA:161,29,1,0
BRDA:177,30,0,0
BRDA:177,30,1,0
BRDA:193,31,0,0
BRDA:193,31,1,0
BRDA:208,32,0,0
BRDA:208,32,1,0
BRDA:208,33,0,0
BRDA:208,33,1,0
BRDA:211,34,0,0
BRDA:211,34,1,0
BRDA:211,35,0,0
BRDA:211,35,1,0
BRDA:222,36,0,0
BRDA:222,36,1,0
BRDA:222,37,0,0
BRDA:222,37,1,0
BRDA:224,38,0,0
BRDA:224,38,1,0
BRDA:228,39,0,0
BRDA:228,39,1,0
BRDA:228,40,0,0
BRDA:228,40,1,0
BRDA:241,41,0,0
BRDA:241,41,1,0
BRF:87
BRH:0
end_of_record
TN:
SF:src/js/bg.js
FN:8,updateLastActiveTab
FN:14,(anonymous_1)
FN:16,(anonymous_2)
FN:28,(anonymous_3)
FN:31,(anonymous_4)
FN:41,(anonymous_5)
FN:48,(anonymous_6)
FN:66,(anonymous_7)
FN:72,(anonymous_8)
FN:86,(anonymous_9)
FN:104,(anonymous_10)
FN:141,(anonymous_11)
FNF:12
FNH:0
FNDA:0,updateLastActiveTab
FNDA:0,(anonymous_1)
FNDA:0,(anonymous_2)
FNDA:0,(anonymous_3)
FNDA:0,(anonymous_4)
FNDA:0,(anonymous_5)
FNDA:0,(anonymous_6)
FNDA:0,(anonymous_7)
FNDA:0,(anonymous_8)
FNDA:0,(anonymous_9)
FNDA:0,(anonymous_10)
FNDA:0,(anonymous_11)
DA:6,0
DA:9,0
DA:13,0
DA:14,0
DA:15,0
DA:16,0
DA:17,0
DA:18,0
DA:27,0
DA:28,0
DA:29,0
DA:30,0
DA:31,0
DA:32,0
DA:33,0
DA:41,0
DA:42,0
DA:44,0
DA:45,0
DA:46,0
DA:48,0
DA:49,0
DA:50,0
DA:51,0
DA:53,0
DA:54,0
DA:56,0
DA:59,0
DA:60,0
DA:62,0
DA:63,0
DA:64,0
DA:66,0
DA:67,0
DA:68,0
DA:69,0
DA:72,0
DA:73,0
DA:74,0
DA:76,0
DA:77,0
DA:79,0
DA:80,0
DA:87,0
DA:88,0
DA:92,0
DA:96,0
DA:97,0
DA:98,0
DA:105,0
DA:106,0
DA:108,0
DA:109,0
DA:117,0
DA:122,0
DA:124,0
DA:125,0
DA:133,0
DA:138,0
DA:139,0
DA:140,0
DA:141,0
DA:142,0
LF:63
LH:0
BRDA:9,0,0,0
BRDA:9,0,1,0
BRDA:9,1,0,0
BRDA:9,1,1,0
BRDA:13,2,0,0
BRDA:13,2,1,0
BRDA:13,3,0,0
BRDA:13,3,1,0
BRDA:17,4,0,0
BRDA:17,4,1,0
BRDA:18,5,0,0
BRDA:18,5,1,0
BRDA:18,6,0,0
BRDA:18,6,1,0
BRDA:27,7,0,0
BRDA:27,7,1,0
BRDA:27,8,0,0
BRDA:27,8,1,0
BRDA:30,9,0,0
BRDA:30,9,1,0
BRDA:32,10,0,0
BRDA:32,10,1,0
BRDA:33,11,0,0
BRDA:33,11,1,0
BRDA:33,12,0,0
BRDA:33,12,1,0
BRDA:33,12,2,0
BRDA:42,13,0,0
BRDA:42,13,1,0
BRDA:44,14,0,0
BRDA:44,14,1,0
BRDA:49,15,0,0
BRDA:49,15,1,0
BRDA:53,16,0,0
BRDA:53,16,1,0
BRDA:53,17,0,0
BRDA:53,17,1,0
BRDA:53,17,2,0
BRDA:60,18,0,0
BRDA:60,18,1,0
BRDA:62,19,0,0
BRDA:62,19,1,0
BRDA:67,20,0,0
BRDA:67,20,1,0
BRDA:67,21,0,0
BRDA:67,21,1,0
BRDA:67,21,2,0
BRDA:72,22,0,0
BRDA:72,22,1,0
BRDA:72,22,2,0
BRDA:73,23,0,0
BRDA:73,23,1,0
BRDA:73,24,0,0
BRDA:73,24,1,0
BRDA:77,25,0,0
BRDA:77,25,1,0
BRDA:87,26,0,0
BRDA:87,26,1,0
BRDA:105,27,0,0
BRDA:105,27,1,0
BRF:60
BRH:0
end_of_record
TN:
SF:src/js/popup.js
FN:7,debugLog
FN:14,(anonymous_1)
FN:21,setStatus
FN:46,(anonymous_3)
FN:65,(anonymous_4)
FN:76,setCurrentDomain
FN:89,(anonymous_6)
FN:97,toggleWarning
FN:154,isDomainWhitelisted
FN:159,(anonymous_9)
FN:176,updateWhitelistButtons
FN:179,(anonymous_11)
FN:227,addToWhitelist
FN:231,(anonymous_13)
FN:238,(anonymous_14)
FN:250,removeFromWhitelist
FN:254,(anonymous_16)
FN:257,(anonymous_17)
FN:262,(anonymous_18)
FN:274,renderWhitelist
FN:276,(anonymous_20)
FN:318,(anonymous_21)
FN:393,(anonymous_22)
FN:394,(anonymous_23)
FN:398,(anonymous_24)
FN:401,(anonymous_25)
FN:406,(anonymous_26)
FN:426,initializePopupContent
FN:431,(anonymous_28)
FN:449,(anonymous_29)
FN:451,(anonymous_30)
FN:470,getCurrentTabDomain
FN:493,(anonymous_32)
FN:521,fallbackToTabQuery
FN:525,(anonymous_34)
FN:531,(anonymous_35)
FN:550,(anonymous_36)
FN:555,(anonymous_37)
FN:576,(anonymous_38)
FN:578,(anonymous_39)
FNF:40
FNH:0
FNDA:0,debugLog
FNDA:0,(anonymous_1)
FNDA:0,setStatus
FNDA:0,(anonymous_3)
FNDA:0,(anonymous_4)
FNDA:0,setCurrentDomain
FNDA:0,(anonymous_6)
FNDA:0,toggleWarning
FNDA:0,isDomainWhitelisted
FNDA:0,(anonymous_9)
FNDA:0,updateWhitelistButtons
FNDA:0,(anonymous_11)
FNDA:0,addToWhitelist
FNDA:0,(anonymous_13)
FNDA:0,(anonymous_14)
FNDA:0,removeFromWhitelist
FNDA:0,(anonymous_16)
FNDA:0,(anonymous_17)
FNDA:0,(anonymous_18)
FNDA:0,renderWhitelist
FNDA:0,(anonymous_20)
FNDA:0,(anonymous_21)
FNDA:0,(anonymous_22)
FNDA:0,(anonymous_23)
FNDA:0,(anonymous_24)
FNDA:0,(anonymous_25)
FNDA:0,(anonymous_26)
FNDA:0,initializePopupContent
FNDA:0,(anonymous_28)
FNDA:0,(anonymous_29)
FNDA:0,(anonymous_30)
FNDA:0,getCurrentTabDomain
FNDA:0,(anonymous_32)
FNDA:0,fallbackToTabQuery
FNDA:0,(anonymous_34)
FNDA:0,(anonymous_35)
FNDA:0,(anonymous_36)
FNDA:0,(anonymous_37)
FNDA:0,(anonymous_38)
FNDA:0,(anonymous_39)
DA:6,0
DA:8,0
DA:14,0
DA:15,0
DA:19,0
DA:22,0
DA:23,0
DA:24,0
DA:25,0
DA:26,0
DA:29,0
DA:30,0
DA:31,0
DA:32,0
DA:33,0
DA:34,0
DA:35,0
DA:39,0
DA:42,0
DA:46,0
DA:47,0
DA:48,0
DA:50,0
DA:51,0
DA:52,0
DA:53,0
DA:54,0
DA:56,0
DA:57,0
DA:60,0
DA:61,0
DA:63,0
DA:64,0
DA:65,0
DA:66,0
DA:68,0
DA:69,0
DA:72,0
DA:77,0
DA:78,0
DA:79,0
DA:80,0
DA:81,0
DA:82,0
DA:83,0
DA:85,0
DA:87,0
DA:89,0
DA:90,0
DA:93,0
DA:98,0
DA:99,0
DA:100,0
DA:101,0
DA:102,0
DA:103,0
DA:104,0
DA:106,0
DA:108,0
DA:109,0
DA:110,0
DA:112,0
DA:114,0
DA:115,0
DA:116,0
DA:117,0
DA:118,0
DA:120,0
DA:121,0
DA:122,0
DA:123,0
DA:124,0
DA:125,0
DA:127,0
DA:128,0
DA:129,0
DA:130,0
DA:131,0
DA:132,0
DA:134,0
DA:135,0
DA:136,0
DA:138,0
DA:139,0
DA:141,0
DA:142,0
DA:144,0
DA:145,0
DA:150,0
DA:155,0
DA:156,0
DA:157,0
DA:158,0
DA:159,0
DA:160,0
DA:161,0
DA:162,0
DA:163,0
DA:165,0
DA:166,0
DA:167,0
DA:168,0
DA:171,0
DA:172,0
DA:177,0
DA:178,0
DA:179,0
DA:180,0
DA:181,0
DA:182,0
DA:184,0
DA:185,0
DA:186,0
DA:188,0
DA:189,0
DA:190,0
DA:191,0
DA:194,0
DA:195,0
DA:198,0
DA:200,0
DA:201,0
DA:202,0
DA:203,0
DA:204,0
DA:206,0
DA:207,0
DA:208,0
DA:211,0
DA:212,0
DA:213,0
DA:214,0
DA:216,0
DA:217,0
DA:218,0
DA:223,0
DA:228,0
DA:229,0
DA:230,0
DA:231,0
DA:232,0
DA:233,0
DA:234,0
DA:235,0
DA:236,0
DA:238,0
DA:239,0
DA:240,0
DA:241,0
DA:243,0
DA:244,0
DA:251,0
DA:252,0
DA:253,0
DA:254,0
DA:255,0
DA:256,0
DA:257,0
DA:258,0
DA:260,0
DA:262,0
DA:263,0
DA:264,0
DA:265,0
DA:267,0
DA:268,0
DA:275,0
DA:276,0
DA:277,0
DA:278,0
DA:279,0
DA:280,0
DA:281,0
DA:284,0
DA:286,0
DA:287,0
DA:288,0
DA:290,0
DA:291,0
DA:292,0
DA:293,0
DA:295,0
DA:296,0
DA:297,0
DA:298,0
DA:300,0
DA:301,0
DA:302,0
DA:303,0
DA:304,0
DA:306,0
DA:307,0
DA:309,0
DA:310,0
DA:312,0
DA:313,0
DA:314,0
DA:317,0
DA:318,0
DA:319,0
DA:321,0
DA:322,0
DA:324,0
DA:325,0
DA:328,0
DA:329,0
DA:330,0
DA:331,0
DA:333,0
DA:334,0
DA:335,0
DA:336,0
DA:337,0
DA:338,0
DA:340,0
DA:341,0
DA:342,0
DA:343,0
DA:344,0
DA:345,0
DA:347,0
DA:348,0
DA:350,0
DA:351,0
DA:352,0
DA:354,0
DA:355,0
DA:358,0
DA:359,0
DA:360,0
DA:361,0
DA:364,0
DA:365,0
DA:366,0
DA:367,0
DA:369,0
DA:370,0
DA:371,0
DA:372,0
DA:373,0
DA:374,0
DA:376,0
DA:377,0
DA:378,0
DA:379,0
DA:380,0
DA:381,0
DA:383,0
DA:384,0
DA:385,0
DA:387,0
DA:388,0
DA:389,0
DA:393,0
DA:394,0
DA:395,0
DA:396,0
DA:397,0
DA:398,0
DA:399,0
DA:400,0
DA:401,0
DA:402,0
DA:404,0
DA:406,0
DA:407,0
DA:408,0
DA:409,0
DA:411,0
DA:415,0
DA:427,0
DA:430,0
DA:431,0
DA:432,0
DA:433,0
DA:434,0
DA:435,0
DA:436,0
DA:437,0
DA:439,0
DA:440,0
DA:441,0
DA:442,0
DA:443,0
DA:444,0
DA:446,0
DA:449,0
DA:450,0
DA:451,0
DA:452,0
DA:453,0
DA:454,0
DA:457,0
DA:458,0
DA:459,0
DA:463,0
DA:464,0
DA:465,0
DA:466,0
DA:471,0
DA:474,0
DA:475,0
DA:476,0
DA:477,0
DA:478,0
DA:479,0
DA:480,0
DA:481,0
DA:484,0
DA:485,0
DA:489,0
DA:492,0
DA:493,0
DA:494,0
DA:495,0
DA:497,0
DA:498,0
DA:499,0
DA:500,0
DA:502,0
DA:503,0
DA:505,0
DA:508,0
DA:509,0
DA:512,0
DA:516,0
DA:517,0
DA:522,0
DA:523,0
DA:524,0
DA:525,0
DA:526,0
DA:527,0
DA:528,0
DA:530,0
DA:531,0
DA:532,0
DA:533,0
DA:534,0
DA:535,0
DA:537,0
DA:543,0
DA:546,0
DA:550,0
DA:551,0
DA:552,0
DA:554,0
DA:555,0
DA:557,0
DA:558,0
DA:560,0
DA:563,0
DA:564,0
DA:565,0
DA:567,0
DA:568,0
DA:569,0
DA:571,0
DA:572,0
DA:573,0
DA:575,0
DA:576,0
DA:577,0
DA:578,0
DA:579,0
DA:580,0
DA:581,0
DA:583,0
DA:584,0
DA:588,0
DA:592,0
DA:594,0
DA:599,0
DA:600,0
DA:602,0
DA:604,0
LF:376
LH:0
BRDA:8,0,0,0
BRDA:8,0,1,0
BRDA:25,1,0,0
BRDA:25,1,1,0
BRDA:30,2,0,0
BRDA:30,2,1,0
BRDA:32,3,0,0
BRDA:32,3,1,0
BRDA:32,4,0,0
BRDA:32,4,1,0
BRDA:34,5,0,0
BRDA:34,5,1,0
BRDA:34,6,0,0
BRDA:34,6,1,0
BRDA:50,7,0,0
BRDA:50,7,1,0
BRDA:50,8,0,0
BRDA:50,8,1,0
BRDA:51,9,0,0
BRDA:51,9,1,0
BRDA:63,10,0,0
BRDA:63,10,1,0
BRDA:63,11,0,0
BRDA:63,11,1,0
BRDA:63,11,2,0
BRDA:64,12,0,0
BRDA:64,12,1,0
BRDA:68,13,0,0
BRDA:68,13,1,0
BRDA:79,14,0,0
BRDA:79,14,1,0
BRDA:81,15,0,0
BRDA:81,15,1,0
BRDA:82,16,0,0
BRDA:82,16,1,0
BRDA:101,17,0,0
BRDA:101,17,1,0
BRDA:102,18,0,0
BRDA:102,18,1,0
BRDA:112,19,0,0
BRDA:112,19,1,0
BRDA:141,20,0,0
BRDA:141,20,1,0
BRDA:144,21,0,0
BRDA:144,21,1,0
BRDA:156,22,0,0
BRDA:156,22,1,0
BRDA:158,23,0,0
BRDA:158,23,1,0
BRDA:160,24,0,0
BRDA:160,24,1,0
BRDA:165,25,0,0
BRDA:165,25,1,0
BRDA:165,25,2,0
BRDA:166,26,0,0
BRDA:166,26,1,0
BRDA:166,26,2,0
BRDA:166,27,0,0
BRDA:166,27,1,0
BRDA:180,28,0,0
BRDA:180,28,1,0
BRDA:184,29,0,0
BRDA:184,29,1,0
BRDA:184,29,2,0
BRDA:188,30,0,0
BRDA:188,30,1,0
BRDA:189,31,0,0
BRDA:189,31,1,0
BRDA:190,32,0,0
BRDA:190,32,1,0
BRDA:194,33,0,0
BRDA:194,33,1,0
BRDA:195,34,0,0
BRDA:195,34,1,0
BRDA:195,34,2,0
BRDA:196,35,0,0
BRDA:196,35,1,0
BRDA:200,36,0,0
BRDA:200,36,1,0
BRDA:202,37,0,0
BRDA:202,37,1,0
BRDA:206,38,0,0
BRDA:206,38,1,0
BRDA:212,39,0,0
BRDA:212,39,1,0
BRDA:216,40,0,0
BRDA:216,40,1,0
BRDA:229,41,0,0
BRDA:229,41,1,0
BRDA:230,42,0,0
BRDA:230,42,1,0
BRDA:232,43,0,0
BRDA:232,43,1,0
BRDA:232,43,2,0
BRDA:234,44,0,0
BRDA:234,44,1,0
BRDA:243,45,0,0
BRDA:243,45,1,0
BRDA:252,46,0,0
BRDA:252,46,1,0
BRDA:253,47,0,0
BRDA:253,47,1,0
BRDA:255,48,0,0
BRDA:255,48,1,0
BRDA:255,48,2,0
BRDA:257,49,0,0
BRDA:257,49,1,0
BRDA:257,49,2,0
BRDA:257,50,0,0
BRDA:257,50,1,0
BRDA:267,51,0,0
BRDA:267,51,1,0
BRDA:277,52,0,0
BRDA:277,52,1,0
BRDA:277,52,2,0
BRDA:279,53,0,0
BRDA:279,53,1,0
BRDA:284,54,0,0
BRDA:284,54,1,0
BRDA:319,55,0,0
BRDA:319,55,1,0
BRDA:396,56,0,0
BRDA:396,56,1,0
BRDA:399,57,0,0
BRDA:399,57,1,0
BRDA:399,57,2,0
BRDA:411,58,0,0
BRDA:411,58,1,0
BRDA:411,59,0,0
BRDA:411,59,1,0
BRDA:411,59,2,0
BRDA:411,59,3,0
BRDA:413,60,0,0
BRDA:413,60,1,0
BRDA:414,61,0,0
BRDA:414,61,1,0
BRDA:432,62,0,0
BRDA:432,62,1,0
BRDA:432,62,2,0
BRDA:433,63,0,0
BRDA:433,63,1,0
BRDA:433,64,0,0
BRDA:433,64,1,0
BRDA:442,65,0,0
BRDA:442,65,1,0
BRDA:443,66,0,0
BRDA:443,66,1,0
BRDA:444,67,0,0
BRDA:444,67,1,0
BRDA:446,68,0,0
BRDA:446,68,1,0
BRDA:449,69,0,0
BRDA:449,69,1,0
BRDA:450,70,0,0
BRDA:450,70,1,0
BRDA:477,71,0,0
BRDA:477,71,1,0
BRDA:479,72,0,0
BRDA:479,72,1,0
BRDA:494,73,0,0
BRDA:494,73,1,0
BRDA:498,74,0,0
BRDA:498,74,1,0
BRDA:498,75,0,0
BRDA:498,75,1,0
BRDA:502,76,0,0
BRDA:502,76,1,0
BRDA:502,77,0,0
BRDA:502,77,1,0
BRDA:524,78,0,0
BRDA:524,78,1,0
BRDA:524,79,0,0
BRDA:524,79,1,0
BRDA:526,80,0,0
BRDA:526,80,1,0
BRDA:530,81,0,0
BRDA:530,81,1,0
BRDA:530,82,0,0
BRDA:530,82,1,0
BRDA:531,83,0,0
BRDA:531,83,1,0
BRDA:531,83,2,0
BRDA:532,84,0,0
BRDA:532,84,1,0
BRDA:532,85,0,0
BRDA:532,85,1,0
BRDA:557,86,0,0
BRDA:557,86,1,0
BRDA:567,87,0,0
BRDA:567,87,1,0
BRDA:571,88,0,0
BRDA:571,88,1,0
BRDA:575,89,0,0
BRDA:575,89,1,0
BRDA:583,90,0,0
BRDA:583,90,1,0
BRDA:599,91,0,0
BRDA:599,91,1,0
BRF:198
BRH:0
end_of_record
